<?xml version="1.0" encoding="UTF-8"?>
<testng-results ignored="0" total="3" passed="2" failed="1" skipped="0">
  <reporter-output>
  </reporter-output>
  <suite started-at="2021-12-08T15:51:48Z" name="Suite" finished-at="2021-12-08T15:57:07Z" duration-ms="318996">
    <groups>
    </groups>
    <test started-at="2021-12-08T15:51:48Z" name="SafariTest" finished-at="2021-12-08T15:53:28Z" duration-ms="99939">
      <class name="testcases.testcases">
        <test-method is-config="true" signature="setup(java.lang.String)[pri:0, instance:testcases.testcases@5d534f5d]" started-at="2021-12-08T15:51:48Z" name="setup" finished-at="2021-12-08T15:52:06Z" duration-ms="18046" status="PASS">
          <params>
            <param index="0">
              <value>
                <![CDATA[Safari]]>
              </value>
            </param>
          </params>
          <reporter-output>
          </reporter-output>
        </test-method> <!-- setup -->
        <test-method signature="TC_001()[pri:0, instance:testcases.testcases@5d534f5d]" started-at="2021-12-08T15:52:06Z" name="TC_001" finished-at="2021-12-08T15:53:27Z" duration-ms="80626" status="FAIL">
          <exception class="org.openqa.selenium.TimeoutException">
            <message>
              <![CDATA[
Build info: version: '3.141.59', revision: 'e82be7d358', time: '2018-11-14T08:17:03'
System info: host: 'Anikets-MacBook-Pro.local', ip: 'fe80:0:0:0:10be:9410:37c2:9a10%en0', os.name: 'Mac OS X', os.arch: 'x86_64', os.version: '10.16', java.version: '14.0.2'
Driver info: org.openqa.selenium.remote.RemoteWebDriver
Capabilities {acceptInsecureCerts: false, browserName: Safari, browserVersion: 14.1.2, javascriptEnabled: true, platform: MAC, platformName: MAC, safari:automaticInspection: false, safari:automaticProfiling: false, safari:diagnose: false, safari:platformBuildVersion: 20G95, safari:platformVersion: 11.5.2, safari:useSimulator: false, setWindowRect: true, strictFileInteractability: false, webdriver.remote.sessionid: 6c78a8453294100ba6af2a86645..., webkit:WebRTC: {DisableICECandidateFiltering: false, DisableInsecureMediaCapture: false}}
Session ID: 6c78a8453294100ba6af2a866450d00de4333e21
*** Element info: {Using=xpath, value=//div[4]/div/span/div/div/div[2]/div[2]/div/div/div[3]/div[1]/div/div[1]/div/a/span[1]/span[1]}]]>
            </message>
            <full-stacktrace>
              <![CDATA[org.openqa.selenium.TimeoutException: 
Build info: version: '3.141.59', revision: 'e82be7d358', time: '2018-11-14T08:17:03'
System info: host: 'Anikets-MacBook-Pro.local', ip: 'fe80:0:0:0:10be:9410:37c2:9a10%en0', os.name: 'Mac OS X', os.arch: 'x86_64', os.version: '10.16', java.version: '14.0.2'
Driver info: org.openqa.selenium.remote.RemoteWebDriver
Capabilities {acceptInsecureCerts: false, browserName: Safari, browserVersion: 14.1.2, javascriptEnabled: true, platform: MAC, platformName: MAC, safari:automaticInspection: false, safari:automaticProfiling: false, safari:diagnose: false, safari:platformBuildVersion: 20G95, safari:platformVersion: 11.5.2, safari:useSimulator: false, setWindowRect: true, strictFileInteractability: false, webdriver.remote.sessionid: 6c78a8453294100ba6af2a86645..., webkit:WebRTC: {DisableICECandidateFiltering: false, DisableInsecureMediaCapture: false}}
Session ID: 6c78a8453294100ba6af2a866450d00de4333e21
*** Element info: {Using=xpath, value=//div[4]/div/span/div/div/div[2]/div[2]/div/div/div[3]/div[1]/div/div[1]/div/a/span[1]/span[1]}
at java.base/jdk.internal.reflect.NativeConstructorAccessorImpl.newInstance0(Native Method)
at java.base/jdk.internal.reflect.NativeConstructorAccessorImpl.newInstance(NativeConstructorAccessorImpl.java:62)
at java.base/jdk.internal.reflect.DelegatingConstructorAccessorImpl.newInstance(DelegatingConstructorAccessorImpl.java:45)
at java.base/java.lang.reflect.Constructor.newInstanceWithCaller(Constructor.java:500)
at java.base/java.lang.reflect.Constructor.newInstance(Constructor.java:481)
at org.openqa.selenium.remote.http.W3CHttpResponseCodec.createException(W3CHttpResponseCodec.java:187)
at org.openqa.selenium.remote.http.W3CHttpResponseCodec.decode(W3CHttpResponseCodec.java:122)
at org.openqa.selenium.remote.http.W3CHttpResponseCodec.decode(W3CHttpResponseCodec.java:49)
at org.openqa.selenium.remote.HttpCommandExecutor.execute(HttpCommandExecutor.java:158)
at org.openqa.selenium.remote.RemoteWebDriver.execute(RemoteWebDriver.java:552)
at org.openqa.selenium.remote.RemoteWebDriver.findElement(RemoteWebDriver.java:323)
at org.openqa.selenium.remote.RemoteWebDriver.findElementByXPath(RemoteWebDriver.java:428)
at org.openqa.selenium.By$ByXPath.findElement(By.java:353)
at org.openqa.selenium.remote.RemoteWebDriver.findElement(RemoteWebDriver.java:315)
at pages.iphonePage.isElementPresent(iphonePage.java:112)
at pages.iphonePage.displayResult(iphonePage.java:128)
at testcases.testcases.TC_001(testcases.java:97)
at java.base/jdk.internal.reflect.NativeMethodAccessorImpl.invoke0(Native Method)
at java.base/jdk.internal.reflect.NativeMethodAccessorImpl.invoke(NativeMethodAccessorImpl.java:62)
at java.base/jdk.internal.reflect.DelegatingMethodAccessorImpl.invoke(DelegatingMethodAccessorImpl.java:43)
at java.base/java.lang.reflect.Method.invoke(Method.java:564)
at org.testng.internal.MethodInvocationHelper.invokeMethod(MethodInvocationHelper.java:124)
at org.testng.internal.Invoker.invokeMethod(Invoker.java:583)
at org.testng.internal.Invoker.invokeTestMethod(Invoker.java:719)
at org.testng.internal.Invoker.invokeTestMethods(Invoker.java:989)
at org.testng.internal.TestMethodWorker.invokeTestMethods(TestMethodWorker.java:125)
at org.testng.internal.TestMethodWorker.run(TestMethodWorker.java:109)
at org.testng.TestRunner.privateRun(TestRunner.java:648)
at org.testng.TestRunner.run(TestRunner.java:505)
at org.testng.SuiteRunner.runTest(SuiteRunner.java:455)
at org.testng.SuiteRunner.access$000(SuiteRunner.java:40)
at org.testng.SuiteRunner$SuiteWorker.run(SuiteRunner.java:489)
at org.testng.internal.thread.ThreadUtil$1.call(ThreadUtil.java:52)
at java.base/java.util.concurrent.FutureTask.run(FutureTask.java:264)
at java.base/java.util.concurrent.ThreadPoolExecutor.runWorker(ThreadPoolExecutor.java:1130)
at java.base/java.util.concurrent.ThreadPoolExecutor$Worker.run(ThreadPoolExecutor.java:630)
at java.base/java.lang.Thread.run(Thread.java:832)
]]>
            </full-stacktrace>
          </exception> <!-- org.openqa.selenium.TimeoutException -->
          <reporter-output>
          </reporter-output>
        </test-method> <!-- TC_001 -->
        <test-method is-config="true" signature="close()[pri:0, instance:testcases.testcases@5d534f5d]" started-at="2021-12-08T15:53:27Z" name="close" finished-at="2021-12-08T15:53:28Z" duration-ms="1232" status="PASS">
          <reporter-output>
          </reporter-output>
        </test-method> <!-- close -->
      </class> <!-- testcases.testcases -->
    </test> <!-- SafariTest -->
    <test started-at="2021-12-08T15:51:48Z" name="ChromeTest" finished-at="2021-12-08T15:57:05Z" duration-ms="316281">
      <class name="testcases.testcases">
        <test-method is-config="true" signature="setup(java.lang.String)[pri:0, instance:testcases.testcases@71a8adcf]" started-at="2021-12-08T15:51:48Z" name="setup" finished-at="2021-12-08T15:52:07Z" duration-ms="18851" status="PASS">
          <params>
            <param index="0">
              <value>
                <![CDATA[Chrome]]>
              </value>
            </param>
          </params>
          <reporter-output>
          </reporter-output>
        </test-method> <!-- setup -->
        <test-method signature="TC_001()[pri:0, instance:testcases.testcases@71a8adcf]" started-at="2021-12-08T15:52:07Z" name="TC_001" finished-at="2021-12-08T15:57:03Z" duration-ms="296110" status="PASS">
          <reporter-output>
          </reporter-output>
        </test-method> <!-- TC_001 -->
        <test-method is-config="true" signature="close()[pri:0, instance:testcases.testcases@71a8adcf]" started-at="2021-12-08T15:57:03Z" name="close" finished-at="2021-12-08T15:57:05Z" duration-ms="1306" status="PASS">
          <reporter-output>
          </reporter-output>
        </test-method> <!-- close -->
      </class> <!-- testcases.testcases -->
    </test> <!-- ChromeTest -->
    <test started-at="2021-12-08T15:51:48Z" name="FireFoxTest" finished-at="2021-12-08T15:57:07Z" duration-ms="318996">
      <class name="testcases.testcases">
        <test-method is-config="true" signature="setup(java.lang.String)[pri:0, instance:testcases.testcases@534a5a98]" started-at="2021-12-08T15:51:48Z" name="setup" finished-at="2021-12-08T15:52:16Z" duration-ms="27457" status="PASS">
          <params>
            <param index="0">
              <value>
                <![CDATA[Firefox]]>
              </value>
            </param>
          </params>
          <reporter-output>
          </reporter-output>
        </test-method> <!-- setup -->
        <test-method signature="TC_001()[pri:0, instance:testcases.testcases@534a5a98]" started-at="2021-12-08T15:52:16Z" name="TC_001" finished-at="2021-12-08T15:57:06Z" duration-ms="289995" status="PASS">
          <reporter-output>
          </reporter-output>
        </test-method> <!-- TC_001 -->
        <test-method is-config="true" signature="close()[pri:0, instance:testcases.testcases@534a5a98]" started-at="2021-12-08T15:57:06Z" name="close" finished-at="2021-12-08T15:57:07Z" duration-ms="1531" status="PASS">
          <reporter-output>
          </reporter-output>
        </test-method> <!-- close -->
      </class> <!-- testcases.testcases -->
    </test> <!-- FireFoxTest -->
  </suite> <!-- Suite -->
</testng-results>
